<?xml version="1.0" encoding="UTF-8"?>
<testng-results skipped="0" failed="0" ignored="0" total="1" passed="1">
  <reporter-output>
  </reporter-output>
  <suite name="Default suite" duration-ms="72446" started-at="2020-11-17T23:08:57 IST" finished-at="2020-11-17T23:10:09 IST">
    <groups>
    </groups>
    <test name="Default test" duration-ms="72446" started-at="2020-11-17T23:08:57 IST" finished-at="2020-11-17T23:10:09 IST">
      <class name="Assignment.Test_Contactus">
        <test-method status="PASS" signature="beforeClass()[pri:0, instance:Assignment.Test_Contactus@44f75083]" name="beforeClass" is-config="true" duration-ms="61541" started-at="2020-11-17T23:08:57 IST" finished-at="2020-11-17T23:09:58 IST">
          <reporter-output>
          </reporter-output>
        </test-method> <!-- beforeClass -->
        <test-method status="PASS" signature="Validatinglogin()[pri:0, instance:Assignment.Test_Contactus@44f75083]" name="Validatinglogin" duration-ms="10336" started-at="2020-11-17T23:09:58 IST" finished-at="2020-11-17T23:10:09 IST">
          <reporter-output>
          </reporter-output>
        </test-method> <!-- Validatinglogin -->
        <test-method status="PASS" signature="afterClass()[pri:0, instance:Assignment.Test_Contactus@44f75083]" name="afterClass" is-config="true" duration-ms="527" started-at="2020-11-17T23:10:09 IST" finished-at="2020-11-17T23:10:09 IST">
          <reporter-output>
          </reporter-output>
        </test-method> <!-- afterClass -->
      </class> <!-- Assignment.Test_Contactus -->
    </test> <!-- Default test -->
  </suite> <!-- Default suite -->
</testng-results>
